<?xml version="1.0" encoding="UTF-8"?>
<!-- Generated by org.testng.reporters.JUnitReportReporter -->
<testsuite hostname="DESKTOP-D5BDHV5" failures="0" tests="16" name="TestCases.ValidTestCases" time="65.407" errors="0" timestamp="2020-06-24T14:07:11 IST" skipped="0">
  <testcase classname="TestCases.ValidTestCases" name="test_URL_Appear_Correct" time="9.348"/>
  <system-out/>
  <testcase classname="TestCases.ValidTestCases" name="test_Home_Page_Title" time="0.610"/>
  <system-out/>
  <testcase classname="TestCases.ValidTestCases" name="test_SignIn_Button" time="2.066"/>
  <system-out/>
  <testcase classname="TestCases.ValidTestCases" name="test_LogIn_Details" time="13.576"/>
  <system-out/>
  <testcase classname="TestCases.ValidTestCases" name="test_Flight_Icon" time="1.109"/>
  <system-out/>
  <testcase classname="TestCases.ValidTestCases" name="test_Cab_Icon" time="2.283"/>
  <system-out/>
  <testcase classname="TestCases.ValidTestCases" name="test_Cab_Page_Title" time="1.252"/>
  <system-out/>
  <testcase classname="TestCases.ValidTestCases" name="test_OutstationOneWay_TripType" time="0.557"/>
  <system-out/>
  <testcase classname="TestCases.ValidTestCases" name="test_Set_Cab_Details" time="10.067"/>
  <system-out/>
  <testcase classname="TestCases.ValidTestCases" name="test_To_Check_Cab_Details" time="3.573"/>
  <system-out/>
  <testcase classname="TestCases.ValidTestCases" name="test_Flight_Button" time="1.594"/>
  <system-out/>
  <testcase classname="TestCases.ValidTestCases" name="test_Flight_Page_Title" time="0.371"/>
  <system-out/>
  <testcase classname="TestCases.ValidTestCases" name="test_Set_Flight_Details" time="12.418"/>
  <system-out/>
  <testcase classname="TestCases.ValidTestCases" name="test_Hotel_Booking_Icon" time="1.370"/>
  <system-out/>
  <testcase classname="TestCases.ValidTestCases" name="test_Hotel_Booking_Page_Title" time="4.406"/>
  <system-out/>
  <testcase classname="TestCases.ValidTestCases" name="test_Hotel_Booking" time="0.807"/>
  <system-out/>
</testsuite> <!-- TestCases.ValidTestCases -->
