<?xml version="1.0" encoding="UTF-8"?>
<!-- Generated by org.testng.reporters.JUnitReportReporter -->
<testsuite hostname="DESKTOP-D5BDHV5" failures="1" tests="16" name="TestCases.ValidTestCases" time="69.140" errors="0" timestamp="2020-06-23T20:22:42 IST" skipped="0">
  <testcase classname="TestCases.ValidTestCases" name="test_URL_Appear_Correct" time="14.348"/>
  <system-out/>
  <testcase classname="TestCases.ValidTestCases" name="test_Home_Page_Title" time="0.424"/>
  <system-out/>
  <testcase classname="TestCases.ValidTestCases" name="test_SignIn_Button" time="1.961"/>
  <system-out/>
  <testcase classname="TestCases.ValidTestCases" name="test_LogIn_Details" time="11.360">
    <failure message="expected [true] but found [false]" type="java.lang.AssertionError">
      <![CDATA[java.lang.AssertionError: expected [true] but found [false]
at org.testng.Assert.fail(Assert.java:97)
at org.testng.Assert.failNotEquals(Assert.java:969)
at org.testng.Assert.assertTrue(Assert.java:43)
at org.testng.Assert.assertTrue(Assert.java:53)
at TestCases.ValidTestCases.test_LogIn_Details(ValidTestCases.java:119)
at java.base/jdk.internal.reflect.NativeMethodAccessorImpl.invoke0(Native Method)
at java.base/jdk.internal.reflect.NativeMethodAccessorImpl.invoke(NativeMethodAccessorImpl.java:62)
at java.base/jdk.internal.reflect.DelegatingMethodAccessorImpl.invoke(DelegatingMethodAccessorImpl.java:43)
at java.base/java.lang.reflect.Method.invoke(Method.java:564)
at org.testng.internal.MethodInvocationHelper.invokeMethod(MethodInvocationHelper.java:134)
at org.testng.internal.TestInvoker.invokeMethod(TestInvoker.java:597)
at org.testng.internal.TestInvoker.invokeTestMethod(TestInvoker.java:173)
at org.testng.internal.MethodRunner.runInSequence(MethodRunner.java:46)
at org.testng.internal.TestInvoker$MethodInvocationAgent.invoke(TestInvoker.java:816)
at org.testng.internal.TestInvoker.invokeTestMethods(TestInvoker.java:146)
at org.testng.internal.TestMethodWorker.invokeTestMethods(TestMethodWorker.java:146)
at org.testng.internal.TestMethodWorker.run(TestMethodWorker.java:128)
at java.base/java.util.ArrayList.forEach(ArrayList.java:1510)
at org.testng.TestRunner.privateRun(TestRunner.java:766)
at org.testng.TestRunner.run(TestRunner.java:587)
at org.testng.SuiteRunner.runTest(SuiteRunner.java:384)
at org.testng.SuiteRunner.runSequentially(SuiteRunner.java:378)
at org.testng.SuiteRunner.privateRun(SuiteRunner.java:337)
at org.testng.SuiteRunner.run(SuiteRunner.java:286)
at org.testng.SuiteRunnerWorker.runSuite(SuiteRunnerWorker.java:53)
at org.testng.SuiteRunnerWorker.run(SuiteRunnerWorker.java:96)
at org.testng.TestNG.runSuitesSequentially(TestNG.java:1187)
at org.testng.TestNG.runSuitesLocally(TestNG.java:1109)
at org.testng.TestNG.runSuites(TestNG.java:1039)
at org.testng.TestNG.run(TestNG.java:1007)
at org.testng.remote.AbstractRemoteTestNG.run(AbstractRemoteTestNG.java:115)
at org.testng.remote.RemoteTestNG.initAndRun(RemoteTestNG.java:251)
at org.testng.remote.RemoteTestNG.main(RemoteTestNG.java:77)
]]>
    </failure>
  </testcase> <!-- test_LogIn_Details -->
  <system-out/>
  <testcase classname="TestCases.ValidTestCases" name="test_Flight_Icon" time="1.185"/>
  <system-out/>
  <testcase classname="TestCases.ValidTestCases" name="test_Cab_Icon" time="1.086"/>
  <system-out/>
  <testcase classname="TestCases.ValidTestCases" name="test_Cab_Page_Title" time="2.222"/>
  <system-out/>
  <testcase classname="TestCases.ValidTestCases" name="test_OutstationOneWay_TripType" time="0.671"/>
  <system-out/>
  <testcase classname="TestCases.ValidTestCases" name="test_Set_Cab_Details" time="13.087"/>
  <system-out/>
  <testcase classname="TestCases.ValidTestCases" name="test_To_Check_Cab_Details" time="4.348"/>
  <system-out/>
  <testcase classname="TestCases.ValidTestCases" name="test_Flight_Button" time="0.664"/>
  <system-out/>
  <testcase classname="TestCases.ValidTestCases" name="test_Flight_Page_Title" time="1.057"/>
  <system-out/>
  <testcase classname="TestCases.ValidTestCases" name="test_Set_Flight_Details" time="9.353"/>
  <system-out/>
  <testcase classname="TestCases.ValidTestCases" name="test_Hotel_Booking_Icon" time="3.733"/>
  <system-out/>
  <testcase classname="TestCases.ValidTestCases" name="test_Hotel_Booking_Page_Title" time="0.673"/>
  <system-out/>
  <testcase classname="TestCases.ValidTestCases" name="test_Hotel_Booking" time="2.968"/>
  <system-out/>
</testsuite> <!-- TestCases.ValidTestCases -->
