<?xml version="1.0" encoding="UTF-8"?>
<!-- Generated by org.testng.reporters.JUnitReportReporter -->
<testsuite hostname="DESKTOP-D5BDHV5" failures="0" tests="5" name="TestCases.InvalidTestCases" time="17.616" errors="0" timestamp="2020-06-15T19:07:32 IST" skipped="0">
  <testcase classname="TestCases.InvalidTestCases" name="test_Same_Location_Of_Journey" time="5.467"/>
  <system-out/>
  <testcase classname="TestCases.InvalidTestCases" name="test_Invalid_Date_Of_Journey" time="1.201"/>
  <system-out/>
  <testcase classname="TestCases.InvalidTestCases" name="test_ReturnDate_Disabled" time="0.395"/>
  <system-out/>
  <testcase classname="TestCases.InvalidTestCases" name="test_OutstationTrip_Selected" time="1.126"/>
  <system-out/>
  <testcase classname="TestCases.InvalidTestCases" name="test_GiftCard" time="9.427"/>
  <system-out/>
</testsuite> <!-- TestCases.InvalidTestCases -->
