<?xml version="1.0" encoding="UTF-8"?>
<!-- Generated by org.testng.reporters.JUnitReportReporter -->
<testsuite hostname="DESKTOP-D5BDHV5" failures="0" tests="7" name="TestCases.InvalidTestCases" time="39.248" errors="0" timestamp="2020-06-22T14:56:10 IST" skipped="0">
  <testcase classname="TestCases.InvalidTestCases" name="test_Invalid_Username_Details" time="4.356"/>
  <system-out/>
  <testcase classname="TestCases.InvalidTestCases" name="test_Invalid_Password_Details" time="12.597"/>
  <system-out/>
  <testcase classname="TestCases.InvalidTestCases" name="test_Same_Location_Of_Journey" time="5.064"/>
  <system-out/>
  <testcase classname="TestCases.InvalidTestCases" name="test_Invalid_Date_Of_Journey" time="0.960"/>
  <system-out/>
  <testcase classname="TestCases.InvalidTestCases" name="test_ReturnDate_Disabled" time="0.298"/>
  <system-out/>
  <testcase classname="TestCases.InvalidTestCases" name="test_OutstationTrip_Selected" time="0.693"/>
  <system-out/>
  <testcase classname="TestCases.InvalidTestCases" name="test_GiftCard" time="15.280"/>
  <system-out/>
</testsuite> <!-- TestCases.InvalidTestCases -->
