<?xml version="1.0" encoding="UTF-8"?>
<!-- Generated by org.testng.reporters.JUnitReportReporter -->
<testsuite hostname="DESKTOP-D5BDHV5" failures="0" tests="16" name="TestCases.ValidTestCases" time="52.611" errors="0" timestamp="2020-06-22T14:56:10 IST" skipped="0">
  <testcase classname="TestCases.ValidTestCases" name="test_URL_Appear_Correct" time="8.041"/>
  <system-out/>
  <testcase classname="TestCases.ValidTestCases" name="test_Home_Page_Title" time="0.395"/>
  <system-out/>
  <testcase classname="TestCases.ValidTestCases" name="test_SignIn_Button" time="1.927"/>
  <system-out/>
  <testcase classname="TestCases.ValidTestCases" name="test_LogIn_Details" time="11.204"/>
  <system-out/>
  <testcase classname="TestCases.ValidTestCases" name="test_Flight_Icon" time="0.765"/>
  <system-out/>
  <testcase classname="TestCases.ValidTestCases" name="test_Cab_Icon" time="0.736"/>
  <system-out/>
  <testcase classname="TestCases.ValidTestCases" name="test_Cab_Page_Title" time="1.316"/>
  <system-out/>
  <testcase classname="TestCases.ValidTestCases" name="test_OutstationOneWay_TripType" time="0.312"/>
  <system-out/>
  <testcase classname="TestCases.ValidTestCases" name="test_Set_Cab_Details" time="7.094"/>
  <system-out/>
  <testcase classname="TestCases.ValidTestCases" name="test_To_Check_Cab_Details" time="3.935"/>
  <system-out/>
  <testcase classname="TestCases.ValidTestCases" name="test_Flight_Button" time="4.254"/>
  <system-out/>
  <testcase classname="TestCases.ValidTestCases" name="test_Flight_Page_Title" time="0.631"/>
  <system-out/>
  <testcase classname="TestCases.ValidTestCases" name="test_Set_Flight_Details" time="7.096"/>
  <system-out/>
  <testcase classname="TestCases.ValidTestCases" name="test_Hotel_Booking_Icon" time="0.838"/>
  <system-out/>
  <testcase classname="TestCases.ValidTestCases" name="test_Hotel_Booking_Page_Title" time="0.815"/>
  <system-out/>
  <testcase classname="TestCases.ValidTestCases" name="test_Hotel_Booking" time="3.252"/>
  <system-out/>
</testsuite> <!-- TestCases.ValidTestCases -->
