<?xml version="1.0" encoding="UTF-8"?>
<!-- Generated by org.testng.reporters.JUnitReportReporter -->
<testsuite hostname="DESKTOP-RIVIQO4" failures="0" tests="7" name="TestCases.InvalidTestCases" time="44.869" errors="0" timestamp="2020-06-12T11:27:40 IST" skipped="0">
  <testcase classname="TestCases.InvalidTestCases" name="test_Invalid_Username_Details" time="7.074"/>
  <system-out/>
  <testcase classname="TestCases.InvalidTestCases" name="test_Invalid_Password_Details" time="9.170"/>
  <system-out/>
  <testcase classname="TestCases.InvalidTestCases" name="test_Same_Location_Of_Journey" time="6.815"/>
  <system-out/>
  <testcase classname="TestCases.InvalidTestCases" name="test_Invalid_Date_Of_Journey" time="1.522"/>
  <system-out/>
  <testcase classname="TestCases.InvalidTestCases" name="test_ReturnDate_Disabled" time="0.462"/>
  <system-out/>
  <testcase classname="TestCases.InvalidTestCases" name="test_OutstationTrip_Selected" time="1.571"/>
  <system-out/>
  <testcase classname="TestCases.InvalidTestCases" name="test_GiftCard" time="18.255"/>
  <system-out/>
</testsuite> <!-- TestCases.InvalidTestCases -->
