<?xml version="1.0" encoding="UTF-8"?>
<!-- Generated by org.testng.reporters.JUnitReportReporter -->
<testsuite hostname="DESKTOP-D5BDHV5" failures="0" tests="7" name="TestCases.InvalidTestCases" time="47.741" errors="0" timestamp="2020-06-24T14:07:11 IST" skipped="0">
  <testcase classname="TestCases.InvalidTestCases" name="test_Invalid_Username_Details" time="6.555"/>
  <system-out/>
  <testcase classname="TestCases.InvalidTestCases" name="test_Invalid_Password_Details" time="13.683"/>
  <system-out/>
  <testcase classname="TestCases.InvalidTestCases" name="test_Same_Location_Of_Journey" time="3.009"/>
  <system-out/>
  <testcase classname="TestCases.InvalidTestCases" name="test_Invalid_Date_Of_Journey" time="5.016"/>
  <system-out/>
  <testcase classname="TestCases.InvalidTestCases" name="test_ReturnDate_Disabled" time="0.180"/>
  <system-out/>
  <testcase classname="TestCases.InvalidTestCases" name="test_OutstationTrip_Selected" time="0.865"/>
  <system-out/>
  <testcase classname="TestCases.InvalidTestCases" name="test_GiftCard" time="18.433"/>
  <system-out/>
</testsuite> <!-- TestCases.InvalidTestCases -->
